2020-09-29 17:10:37: LOG: Import: C:/Users/chenkai/Documents/maya/2018/scripts/lookdev_kit/sourceimages/ldv_fcs_font.fbx
2020-09-29 17:18:59: LOG: Import: C:/Users/chenkai/Documents/maya/2018/scripts/lookdev_kit/sourceimages/ldv_fcs_font.fbx
2020-09-29 17:39:51: LOG: Import: C:/Users/chenkai/Documents/maya/2018/scripts/lookdev_kit/sourceimages/ldv_fcs_font.fbx
2020-09-29 17:44:10: LOG: Import: C:/Users/chenkai/Documents/maya/2018/scripts/lookdev_kit/sourceimages/ldv_fcs_font.fbx
2020-09-29 17:57:00: LOG: Import: C:/Users/chenkai/Documents/maya/2018/scripts/lookdev_kit/sourceimages/ldv_fcs_font.fbx
2020-09-29 18:01:44: LOG: Import: C:/Users/chenkai/Documents/maya/2018/scripts/lookdev_kit/sourceimages/ldv_fcs_font.fbx
2020-09-29 18:02:50: LOG: Import: C:/Users/chenkai/Documents/maya/2018/scripts/lookdev_kit/sourceimages/ldv_fcs_font.fbx
2020-09-29 18:03:00: LOG: Import: C:/Users/chenkai/Documents/maya/2018/scripts/lookdev_kit/sourceimages/ldv_fcs_font.fbx
2020-09-30 12:32:57: LOG: Import: C:/Users/chenkai/Documents/maya/2018/scripts/lookdev_kit/sourceimages/ldv_fcs_font.fbx
2020-09-30 12:33:56: LOG: Import: C:/Users/chenkai/Documents/maya/2018/scripts/lookdev_kit/sourceimages/ldv_fcs_font.fbx
2020-09-30 12:44:16: LOG: Import: C:/Users/chenkai/Documents/maya/2018/scripts/lookdev_kit/sourceimages/ldv_fcs_font.fbx
2020-09-30 13:57:27: LOG: Import: C:/Users/chenkai/Documents/maya/2018/scripts/lookdev_kit/sourceimages/ldv_fcs_font.fbx
2020-10-09 14:59:12: LOG: Import: C:/Users/chenkai/Documents/maya/2018/scripts/lookdev_kit/sourceimages/ldv_fcs_font.fbx
2020-10-09 16:58:41: LOG: Import: C:/Users/chenkai/Documents/maya/2018/scripts/lookdev_kit/sourceimages/ldv_fcs_font.fbx
2020-10-09 17:00:09: LOG: Import: C:/Users/chenkai/Documents/maya/2018/scripts/lookdev_kit/sourceimages/ldv_fcs_font.fbx
2020-10-10 17:27:16: LOG: Import: C:/Users/chenkai/Documents/maya/2018/scripts/lookdev_kit/sourceimages/ldv_fcs_font.fbx
2020-10-12 14:47:50: LOG: Import: C:/Users/chenkai/Documents/maya/2018/scripts/lookdev_kit/sourceimages/ldv_fcs_font.fbx
2020-10-13 14:05:29: LOG: Import: C:/Users/chenkai/Documents/maya/2018/scripts/lookdev_kit/sourceimages/ldv_fcs_font.fbx
2020-10-13 15:00:55: LOG: Import: C:/Users/chenkai/Documents/maya/2018/scripts/lookdev_kit/sourceimages/ldv_fcs_font.fbx
2020-10-13 15:02:58: LOG: Import: C:/Users/chenkai/Documents/maya/2018/scripts/lookdev_kit/sourceimages/ldv_fcs_font.fbx
2020-10-13 15:03:23: LOG: Import: C:/Users/chenkai/Documents/maya/2018/scripts/lookdev_kit/sourceimages/ldv_fcs_font.fbx
2020-10-13 15:28:05: LOG: Import: C:/Users/chenkai/Documents/maya/2018/scripts/lookdev_kit/sourceimages/ldv_fcs_font.fbx
2020-10-13 18:59:45: LOG: Import: C:/Users/chenkai/Documents/maya/2018/scripts/lookdev_kit/sourceimages/ldv_fcs_font.fbx
2020-10-13 19:04:19: LOG: Import: C:/Users/chenkai/Documents/maya/2018/scripts/lookdev_kit/sourceimages/ldv_fcs_font.fbx
2020-10-13 19:07:44: LOG: Import: C:/Users/chenkai/Documents/maya/2018/scripts/lookdev_kit/sourceimages/ldv_fcs_font.fbx
2020-10-13 19:10:30: LOG: Import: C:/Users/chenkai/Documents/maya/2018/scripts/lookdev_kit/sourceimages/ldv_fcs_font.fbx
2020-10-14 18:42:39: LOG: Import: C:/Users/chenkai/Documents/maya/2018/scripts/lookdev_kit/sourceimages/ldv_fcs_font.fbx
2020-10-15 11:50:19: LOG: Import: C:/Users/chenkai/Documents/maya/2018/scripts/lookdev_kit/sourceimages/ldv_fcs_font.fbx
2020-10-15 17:12:35: LOG: Import: C:/Users/chenkai/Documents/maya/2018/scripts/lookdev_kit/sourceimages/ldv_fcs_font.fbx
2020-10-15 17:12:52: LOG: Import: C:/Users/chenkai/Documents/maya/2018/scripts/lookdev_kit/sourceimages/ldv_fcs_font.fbx
2020-10-15 17:15:33: LOG: Import: C:/Users/chenkai/Documents/maya/2018/scripts/lookdev_kit/sourceimages/ldv_fcs_font.fbx
2020-10-20 17:43:12: LOG: Import: C:/Users/chenkai/Documents/maya/2018/scripts/lookdev_kit/sourceimages/ldv_fcs_font.fbx
2020-10-21 10:33:09: LOG: Import: C:/Users/chenkai/Documents/maya/2018/scripts/lookdev_kit/sourceimages/ldv_fcs_font.fbx
2020-10-21 13:23:05: LOG: Import: C:/Users/chenkai/Documents/maya/2018/scripts/lookdev_kit/sourceimages/ldv_fcs_font.fbx
2020-10-21 14:12:12: LOG: Import: C:/Users/chenkai/Documents/maya/2018/scripts/lookdev_kit/sourceimages/ldv_fcs_font.fbx
2020-10-21 14:26:36: LOG: Import: C:/Users/chenkai/Documents/maya/2018/scripts/lookdev_kit/sourceimages/ldv_fcs_font.fbx
2020-10-27 18:26:53: LOG: Import: C:/Users/chenkai/Documents/maya/2018/scripts/lookdev_kit/sourceimages/ldv_fcs_font.fbx
2020-10-29 11:15:42: LOG: Import: C:/Users/chenkai/Documents/maya/2018/scripts/lookdev_kit/sourceimages/ldv_fcs_font.fbx
2020-10-29 11:16:35: LOG: Import: C:/Users/chenkai/Documents/maya/2018/scripts/lookdev_kit/sourceimages/ldv_fcs_font.fbx
2020-10-29 11:24:30: LOG: Import: C:/Users/chenkai/Documents/maya/2018/scripts/lookdev_kit/sourceimages/ldv_fcs_font.fbx
2020-10-29 18:21:01: LOG: Import: C:/Users/chenkai/Documents/maya/2018/scripts/lookdev_kit/sourceimages/ldv_fcs_font.fbx
2020-10-29 18:23:56: LOG: Import: C:/Users/chenkai/Documents/maya/2018/scripts/lookdev_kit/sourceimages/ldv_fcs_font.fbx
2020-10-29 18:39:50: LOG: Import: C:/Users/chenkai/Documents/maya/2018/scripts/lookdev_kit/sourceimages/ldv_fcs_font.fbx
2020-11-05 10:32:05: LOG: Import: C:/Users/chenkai/Documents/maya/2018/scripts/lookdev_kit/sourceimages/ldv_fcs_font.fbx
2020-11-05 10:32:58: LOG: Import: C:/Users/chenkai/Documents/maya/2018/scripts/lookdev_kit/sourceimages/ldv_fcs_font.fbx
2020-11-11 15:26:15: LOG: Import: C:/Users/chenkai/Documents/maya/2018/scripts/lookdev_kit/sourceimages/ldv_fcs_font.fbx
2020-11-12 17:40:20: LOG: Import: C:/Users/chenkai/Documents/maya/2018/scripts/lookdev_kit/sourceimages/ldv_fcs_font.fbx
2020-11-12 17:44:13: LOG: Import: C:/Users/chenkai/Documents/maya/2018/scripts/lookdev_kit/sourceimages/ldv_fcs_font.fbx
2020-11-12 17:47:47: LOG: Import: C:/Users/chenkai/Documents/maya/2018/scripts/lookdev_kit/sourceimages/ldv_fcs_font.fbx
2020-11-12 17:48:01: LOG: Import: C:/Users/chenkai/Documents/maya/2018/scripts/lookdev_kit/sourceimages/ldv_fcs_font.fbx
2020-11-12 17:48:16: LOG: Import: C:/Users/chenkai/Documents/maya/2018/scripts/lookdev_kit/sourceimages/ldv_fcs_font.fbx
2020-11-12 17:49:58: LOG: Import: C:/Users/chenkai/Documents/maya/2018/scripts/lookdev_kit/sourceimages/ldv_fcs_font.fbx
2020-11-12 17:50:23: LOG: Import: C:/Users/chenkai/Documents/maya/2018/scripts/lookdev_kit/sourceimages/ldv_fcs_font.fbx
2020-11-12 18:07:47: LOG: Import: C:/Users/chenkai/Documents/maya/2018/scripts/lookdev_kit/sourceimages/ldv_fcs_font.fbx
2020-11-12 18:11:56: LOG: Import: C:/Users/chenkai/Documents/maya/2018/scripts/lookdev_kit/sourceimages/ldv_fcs_font.fbx
2020-11-13 15:18:49: LOG: Import: C:/Users/chenkai/Documents/maya/2018/scripts/lookdev_kit/sourceimages/ldv_fcs_font.fbx
2020-11-16 14:57:18: LOG: Import: C:/Users/chenkai/Documents/maya/2018/scripts/lookdev_kit/sourceimages/ldv_fcs_font.fbx
2020-11-16 16:15:44: LOG: Import: C:/Users/chenkai/Documents/maya/2018/scripts/lookdev_kit/sourceimages/ldv_fcs_font.fbx
2020-11-16 17:29:16: LOG: Import: C:/Users/chenkai/Documents/maya/2018/scripts/lookdev_kit/sourceimages/ldv_fcs_font.fbx
2020-11-19 17:07:24: LOG: Import: C:/Users/chenkai/Documents/maya/2018/scripts/lookdev_kit/sourceimages/ldv_fcs_font.fbx
2020-11-19 17:31:40: LOG: Import: W:/Bob_IP/00_Pipeline/CustomModules/Maya/scripts/lookdev_kit/sourceimages/ldv_fcs_font.fbx
2020-11-20 16:33:27: LOG: Import: W:/Bob_IP/00_Pipeline/CustomModules/Maya/scripts/lookdev_kit/sourceimages/ldv_fcs_font.fbx
2020-11-20 16:33:47: LOG: Import: W:/Bob_IP/00_Pipeline/CustomModules/Maya/scripts/lookdev_kit/sourceimages/ldv_fcs_font.fbx
2020-11-20 16:52:26: LOG: Import: W:/Bob_IP/00_Pipeline/CustomModules/Maya/scripts/lookdev_kit/sourceimages/ldv_fcs_font.fbx
2020-11-20 16:55:55: LOG: Import: W:/Bob_IP/00_Pipeline/CustomModules/Maya/scripts/lookdev_kit/sourceimages/ldv_fcs_font.fbx
2020-11-20 17:04:41: LOG: Import: C:/Users/chenkai/Documents/maya/2018/scripts/lookdev_kit/sourceimages/ldv_fcs_font.fbx
2020-11-24 17:14:36: LOG: Import: W:/Bob_IP/00_Pipeline/CustomModules/Maya/scripts/lookdev_kit/sourceimages/ldv_fcs_font.fbx
2020-11-24 17:22:50: LOG: Import: W:/Bob_IP/00_Pipeline/CustomModules/Maya/scripts/lookdev_kit/sourceimages/ldv_fcs_font.fbx
2020-11-25 16:26:23: LOG: Import: W:/Bob_IP/07_Reference/肯德基美团素材/美团袋鼠元素参考/袋鼠骑手3D/袋鼠 骑手 摩托车.fbx
2020-11-25 16:26:25: LOG: [WARNING] Malformed Mesh - The plug-in has detected mesh nodes containing polygons with overlapping vertices.
	The following objects have been automatically cleaned up:    踏板

2020-12-01 10:42:39: LOG: Import: W:/Bob_IP/07_Reference/肯德基美团素材/美团袋鼠元素参考/袋鼠骑手3D/袋鼠 骑手 摩托车.fbx
2020-12-01 10:42:42: LOG: [WARNING] Malformed Mesh - The plug-in has detected mesh nodes containing polygons with overlapping vertices.
	The following objects have been automatically cleaned up:    踏板

2020-12-01 11:55:54: LOG: Import: E:/LocalProjects/Test/haibao/out.fbx
2020-12-01 11:56:38: LOG: Import: E:/LocalProjects/Test/haibao/out.fbx
2020-12-01 12:02:44: LOG: Import: W:/Bob_IP/00_Pipeline/CustomModules/Maya/scripts/lookdev_kit/sourceimages/ldv_fcs_font.fbx
2020-12-01 12:18:57: LOG: Import: E:/LocalProjects/Test/haibao/out.fbx
